2022-10-23 19:54:05,340 [main] INFO Automation - starting browser
2022-10-23 19:54:09,536 [main] INFO Automation - starting browser
2022-10-23 19:54:13,275 [main] INFO Automation - starting browser
2022-10-23 19:54:17,293 [main] INFO Automation - starting browser
2022-10-23 19:54:20,980 [main] INFO Automation - starting browser
2022-10-23 19:54:24,518 [main] INFO Automation - starting browser
2022-10-23 19:54:28,057 [main] INFO Automation - starting browser
2022-10-23 19:54:31,689 [main] INFO Automation - starting browser
2022-10-23 20:01:14,177 [main] INFO Automation - starting browser
2022-10-23 20:01:18,425 [main] INFO Automation - starting browser
2022-10-23 20:01:22,363 [main] INFO Automation - starting browser
2022-10-23 20:01:26,450 [main] INFO Automation - starting browser
2022-10-23 20:01:30,309 [main] INFO Automation - starting browser
2022-10-23 20:01:33,884 [main] INFO Automation - starting browser
2022-10-23 20:01:38,108 [main] INFO Automation - starting browser
2022-10-23 20:01:41,593 [main] INFO Automation - starting browser
2022-10-23 20:02:12,247 [main] INFO Automation - Test has started
2022-10-23 20:02:16,165 [main] INFO Automation - starting browser
2022-10-23 20:02:18,033 [main] INFO Automation - Test is Successful
2022-10-23 20:02:18,038 [main] INFO Automation - Test has started
2022-10-23 20:02:20,323 [main] INFO Automation - starting browser
2022-10-23 20:02:21,850 [main] INFO Automation - Test is Successful
2022-10-23 20:02:21,855 [main] INFO Automation - Test has started
2022-10-23 20:02:24,147 [main] INFO Automation - starting browser
2022-10-23 20:02:25,860 [main] INFO Automation - Test is Successful
2022-10-23 20:02:25,865 [main] INFO Automation - Test has started
2022-10-23 20:02:28,189 [main] INFO Automation - starting browser
2022-10-23 20:02:29,572 [main] INFO Automation - Test is Successful
2022-10-23 20:02:29,578 [main] INFO Automation - Test has started
2022-10-23 20:02:32,827 [main] INFO Automation - starting browser
2022-10-23 20:02:33,961 [main] INFO Automation - Test is Successful
2022-10-23 20:02:33,965 [main] INFO Automation - Test has started
2022-10-23 20:02:36,264 [main] INFO Automation - starting browser
2022-10-23 20:02:37,504 [main] INFO Automation - Test is Successful
2022-10-23 20:02:37,509 [main] INFO Automation - Test has started
2022-10-23 20:02:39,764 [main] INFO Automation - starting browser
2022-10-23 20:02:41,038 [main] INFO Automation - Test is Successful
2022-10-23 20:02:41,043 [main] INFO Automation - Test has started
2022-10-23 20:02:43,379 [main] INFO Automation - starting browser
2022-10-23 20:02:44,596 [main] INFO Automation - Test is Successful
2022-10-23 20:02:44,952 [main] INFO Automation - Test is finished
2022-10-23 20:07:47,863 [main] INFO Automation Testing - starting browser
2022-10-23 20:07:52,490 [main] INFO Automation Testing - starting browser
2022-10-23 20:07:56,286 [main] INFO Automation Testing - starting browser
2022-10-23 20:08:00,395 [main] INFO Automation Testing - starting browser
2022-10-23 20:08:04,157 [main] INFO Automation Testing - starting browser
2022-10-23 20:08:07,750 [main] INFO Automation Testing - starting browser
2022-10-23 20:08:11,253 [main] INFO Automation Testing - starting browser
2022-10-23 20:08:14,789 [main] INFO Automation Testing - starting browser
2022-10-23 20:12:03,512 [main] INFO Automation Testing - starting browser
2022-10-23 20:12:07,719 [main] INFO Automation Testing - starting browser
2022-10-23 20:12:11,511 [main] INFO Automation Testing - starting browser
2022-10-23 20:12:15,627 [main] INFO Automation Testing - starting browser
2022-10-23 20:12:19,568 [main] INFO Automation Testing - starting browser
2022-10-23 20:12:22,972 [main] INFO Automation Testing - starting browser
2022-10-23 20:12:26,519 [main] INFO Automation Testing - starting browser
2022-10-23 20:12:30,084 [main] INFO Automation Testing - starting browser
2022-10-23 20:17:21,810 [main] INFO Automation Testing - Test has started
2022-10-23 20:17:27,946 [main] INFO Automation Testing - Test is Successful
2022-10-23 20:17:27,951 [main] INFO Automation Testing - Test has started
2022-10-23 20:17:31,874 [main] INFO Automation Testing - Test is Successful
2022-10-23 20:17:31,880 [main] INFO Automation Testing - Test has started
2022-10-23 20:17:35,940 [main] INFO Automation Testing - Test is Successful
2022-10-23 20:17:35,946 [main] INFO Automation Testing - Test has started
2022-10-23 20:17:39,790 [main] INFO Automation Testing - Test is Successful
2022-10-23 20:17:39,795 [main] INFO Automation Testing - Test has started
2022-10-23 20:17:43,377 [main] INFO Automation Testing - Test is Successful
2022-10-23 20:17:43,382 [main] INFO Automation Testing - Test has started
2022-10-23 20:17:46,886 [main] INFO Automation Testing - Test is Successful
2022-10-23 20:17:46,891 [main] INFO Automation Testing - Test has started
2022-10-23 20:17:50,491 [main] INFO Automation Testing - Test is Successful
2022-10-23 20:17:50,498 [main] INFO Automation Testing - Test has started
2022-10-23 20:17:54,042 [main] INFO Automation Testing - Test is Successful
2022-10-23 20:17:54,393 [main] INFO Automation Testing - Test is finished
2022-10-23 20:40:24,051 [main] INFO Automation Testing - Test has started
2022-10-23 20:40:29,949 [main] INFO Automation Testing - Test is Successful
2022-10-23 20:40:29,954 [main] INFO Automation Testing - Test has started
2022-10-23 20:40:33,810 [main] INFO Automation Testing - Test is Successful
2022-10-23 20:40:33,815 [main] INFO Automation Testing - Test has started
2022-10-23 20:40:37,944 [main] INFO Automation Testing - Test is Successful
2022-10-23 20:40:37,949 [main] INFO Automation Testing - Test has started
2022-10-23 20:40:41,807 [main] INFO Automation Testing - Test is Successful
2022-10-23 20:40:41,812 [main] INFO Automation Testing - Test has started
2022-10-23 20:40:45,347 [main] INFO Automation Testing - Test is Successful
2022-10-23 20:40:45,352 [main] INFO Automation Testing - Test has started
2022-10-23 20:40:48,886 [main] INFO Automation Testing - Test is Successful
2022-10-23 20:40:48,891 [main] INFO Automation Testing - Test has started
2022-10-23 20:40:52,451 [main] INFO Automation Testing - Test is Successful
2022-10-23 20:40:52,457 [main] INFO Automation Testing - Test has started
2022-10-23 20:40:55,955 [main] INFO Automation Testing - Test is Successful
2022-10-23 20:40:56,326 [main] INFO Automation Testing - Test is finished
2022-10-23 20:41:08,371 [TestNG-test=Chrome Test-1] INFO Automation Testing - Test has started
2022-10-23 20:41:16,676 [TestNG-test=Chrome Test-1] INFO Automation Testing - Test is Successful
2022-10-23 20:41:16,682 [TestNG-test=Chrome Test-1] INFO Automation Testing - Test has started
2022-10-23 20:41:21,295 [TestNG-test=Chrome Test-1] INFO Automation Testing - Test is Successful
2022-10-23 20:41:21,305 [TestNG-test=Chrome Test-1] INFO Automation Testing - Test has started
2022-10-23 20:41:25,817 [TestNG-test=Chrome Test-1] INFO Automation Testing - Test is Successful
2022-10-23 20:41:25,825 [TestNG-test=Chrome Test-1] INFO Automation Testing - Test has started
2022-10-23 20:41:30,292 [TestNG-test=Chrome Test-1] INFO Automation Testing - Test is Successful
2022-10-23 20:41:30,292 [TestNG-test=Chrome Test-1] INFO Automation Testing - Test has started
2022-10-23 20:41:32,943 [TestNG-test=Chrome Test-1] INFO Automation Testing - Test is Successful
2022-10-23 20:41:32,949 [TestNG-test=Chrome Test-1] INFO Automation Testing - Test has started
2022-10-23 20:41:35,494 [TestNG-test=Chrome Test-1] INFO Automation Testing - Test is Successful
2022-10-23 20:41:35,503 [TestNG-test=Chrome Test-1] INFO Automation Testing - Test has started
2022-10-23 20:41:38,120 [TestNG-test=Chrome Test-1] INFO Automation Testing - Test is Successful
2022-10-23 20:41:38,134 [TestNG-test=Chrome Test-1] INFO Automation Testing - Test has started
2022-10-23 20:41:40,732 [TestNG-test=Chrome Test-1] INFO Automation Testing - Test is Successful
2022-10-23 20:41:41,192 [main] INFO Automation Testing - Test is finished
2022-10-23 20:41:41,271 [TestNG-test=Firefox Test-1] INFO Automation Testing - Test has started
2022-10-23 20:41:45,490 [TestNG-test=Firefox Test-1] INFO Automation Testing - Test is Successful
2022-10-23 20:41:45,496 [TestNG-test=Firefox Test-1] INFO Automation Testing - Test has started
2022-10-23 20:41:49,382 [TestNG-test=Firefox Test-1] INFO Automation Testing - Test is Successful
2022-10-23 20:41:49,388 [TestNG-test=Firefox Test-1] INFO Automation Testing - Test has started
2022-10-23 20:41:53,556 [TestNG-test=Firefox Test-1] INFO Automation Testing - Test is Successful
2022-10-23 20:41:53,561 [TestNG-test=Firefox Test-1] INFO Automation Testing - Test has started
2022-10-23 20:41:57,337 [TestNG-test=Firefox Test-1] INFO Automation Testing - Test is Successful
2022-10-23 20:41:57,343 [TestNG-test=Firefox Test-1] INFO Automation Testing - Test has started
2022-10-23 20:42:00,882 [TestNG-test=Firefox Test-1] INFO Automation Testing - Test is Successful
2022-10-23 20:42:00,889 [TestNG-test=Firefox Test-1] INFO Automation Testing - Test has started
2022-10-23 20:42:04,441 [TestNG-test=Firefox Test-1] INFO Automation Testing - Test is Successful
2022-10-23 20:42:04,445 [TestNG-test=Firefox Test-1] INFO Automation Testing - Test has started
2022-10-23 20:42:08,015 [TestNG-test=Firefox Test-1] INFO Automation Testing - Test is Successful
2022-10-23 20:42:08,018 [TestNG-test=Firefox Test-1] INFO Automation Testing - Test has started
2022-10-23 20:42:11,606 [TestNG-test=Firefox Test-1] INFO Automation Testing - Test is Successful
2022-10-23 20:42:11,669 [main] INFO Automation Testing - Test is finished
2022-10-23 20:42:11,724 [TestNG-test=Edge Test-1] INFO Automation Testing - Test has started
2022-10-23 20:42:14,915 [TestNG-test=Edge Test-1] INFO Automation Testing - Test is Successful
2022-10-23 20:42:14,917 [TestNG-test=Edge Test-1] INFO Automation Testing - Test has started
2022-10-23 20:42:17,597 [TestNG-test=Edge Test-1] INFO Automation Testing - Test is Successful
2022-10-23 20:42:17,602 [TestNG-test=Edge Test-1] INFO Automation Testing - Test has started
2022-10-23 20:42:20,531 [TestNG-test=Edge Test-1] INFO Automation Testing - Test is Successful
2022-10-23 20:42:20,535 [TestNG-test=Edge Test-1] INFO Automation Testing - Test has started
2022-10-23 20:42:23,256 [TestNG-test=Edge Test-1] INFO Automation Testing - Test is Successful
2022-10-23 20:42:23,260 [TestNG-test=Edge Test-1] INFO Automation Testing - Test has started
2022-10-23 20:42:25,300 [TestNG-test=Edge Test-1] INFO Automation Testing - Test is Successful
2022-10-23 20:42:25,306 [TestNG-test=Edge Test-1] INFO Automation Testing - Test has started
2022-10-23 20:42:27,523 [TestNG-test=Edge Test-1] INFO Automation Testing - Test is Successful
2022-10-23 20:42:27,536 [TestNG-test=Edge Test-1] INFO Automation Testing - Test has started
2022-10-23 20:42:29,748 [TestNG-test=Edge Test-1] INFO Automation Testing - Test is Successful
2022-10-23 20:42:29,751 [TestNG-test=Edge Test-1] INFO Automation Testing - Test has started
2022-10-23 20:42:32,690 [TestNG-test=Edge Test-1] INFO Automation Testing - Test is Successful
2022-10-23 20:42:32,736 [main] INFO Automation Testing - Test is finished
2022-10-23 20:46:09,237 [main] INFO Automation Testing - Test has started
2022-10-23 20:46:15,493 [main] INFO Automation Testing - Test is Successful
2022-10-23 20:46:15,496 [main] INFO Automation Testing - Test has started
2022-10-23 20:46:19,461 [main] INFO Automation Testing - Test is Successful
2022-10-23 20:46:19,464 [main] INFO Automation Testing - Test has started
2022-10-23 20:46:23,809 [main] INFO Automation Testing - Test is Successful
2022-10-23 20:46:23,811 [main] INFO Automation Testing - Test has started
2022-10-23 20:46:27,662 [main] INFO Automation Testing - Test is Successful
2022-10-23 20:46:27,662 [main] INFO Automation Testing - Test has started
2022-10-23 20:46:31,196 [main] INFO Automation Testing - Test is Successful
2022-10-23 20:46:31,199 [main] INFO Automation Testing - Test has started
2022-10-23 20:46:34,725 [main] INFO Automation Testing - Test is Successful
2022-10-23 20:46:34,729 [main] INFO Automation Testing - Test has started
2022-10-23 20:46:38,241 [main] INFO Automation Testing - Test is Successful
2022-10-23 20:46:38,243 [main] INFO Automation Testing - Test has started
2022-10-23 20:46:41,870 [main] INFO Automation Testing - Test is Successful
2022-10-23 20:46:42,225 [main] INFO Automation Testing - Test is finished
2022-11-06 13:49:52,584 [main] INFO Automation Testing - Test has started
2022-11-06 13:49:57,530 [main] INFO Automation Testing - Test has failed
2022-11-06 13:49:57,543 [main] INFO Automation Testing - Test has started
2022-11-06 13:50:00,085 [main] INFO Automation Testing - Test has failed
2022-11-06 13:50:00,100 [main] INFO Automation Testing - Test has started
2022-11-06 13:50:02,423 [main] INFO Automation Testing - Test has failed
2022-11-06 13:50:02,430 [main] INFO Automation Testing - Test has started
2022-11-06 13:50:04,681 [main] INFO Automation Testing - Test has failed
2022-11-06 13:50:05,148 [main] INFO Automation Testing - Test has started
2022-11-06 13:50:05,177 [main] INFO Automation Testing - Test has failed
2022-11-06 13:50:05,183 [main] INFO Automation Testing - Test has started
2022-11-06 13:50:05,213 [main] INFO Automation Testing - Test has failed
2022-11-06 13:50:05,220 [main] INFO Automation Testing - Test has started
2022-11-06 13:50:05,247 [main] INFO Automation Testing - Test has failed
2022-11-06 13:50:05,254 [main] INFO Automation Testing - Test has started
2022-11-06 13:50:05,282 [main] INFO Automation Testing - Test has failed
2022-11-06 13:50:05,420 [main] INFO Automation Testing - Test is finished
2022-11-06 13:57:21,129 [main] INFO Automation Testing - Test has started
2022-11-06 13:57:21,502 [main] INFO Automation Testing - Test has failed
2022-11-06 13:57:21,512 [main] INFO Automation Testing - Test has started
2022-11-06 13:57:21,563 [main] INFO Automation Testing - Test has failed
2022-11-06 13:57:21,570 [main] INFO Automation Testing - Test has started
2022-11-06 13:57:21,608 [main] INFO Automation Testing - Test has failed
2022-11-06 13:57:21,613 [main] INFO Automation Testing - Test has started
2022-11-06 13:57:21,643 [main] INFO Automation Testing - Test has failed
2022-11-06 13:57:22,116 [main] INFO Automation Testing - Test is finished
2022-11-06 14:01:15,269 [main] INFO Automation Testing - Test has started
2022-11-06 14:01:15,644 [main] INFO Automation Testing - Test has failed
2022-11-06 14:01:15,650 [main] INFO Automation Testing - Test has started
2022-11-06 14:01:15,694 [main] INFO Automation Testing - Test has failed
2022-11-06 14:01:15,704 [main] INFO Automation Testing - Test has started
2022-11-06 14:01:15,735 [main] INFO Automation Testing - Test has failed
2022-11-06 14:01:15,742 [main] INFO Automation Testing - Test has started
2022-11-06 14:01:15,770 [main] INFO Automation Testing - Test has failed
2022-11-06 14:01:16,234 [main] INFO Automation Testing - Test is finished
2022-11-06 19:18:20,085 [main] INFO Automation Testing - Test has started
2022-11-06 19:18:20,427 [main] INFO Automation Testing - Test has failed
2022-11-06 19:18:20,433 [main] INFO Automation Testing - Test has started
2022-11-06 19:18:20,471 [main] INFO Automation Testing - Test has failed
2022-11-06 19:18:20,477 [main] INFO Automation Testing - Test has started
2022-11-06 19:18:20,505 [main] INFO Automation Testing - Test has failed
2022-11-06 19:18:20,510 [main] INFO Automation Testing - Test has started
2022-11-06 19:18:20,537 [main] INFO Automation Testing - Test has failed
2022-11-06 19:18:20,635 [main] INFO Automation Testing - Test is finished
2022-11-17 11:36:09,526 [main] INFO Automation Testing - Test has started
2022-11-17 11:36:33,483 [main] INFO Automation Testing - Test is Successful
2022-11-17 11:36:33,496 [main] INFO Automation Testing - Test has started
2022-11-17 11:36:47,590 [main] INFO Automation Testing - Test is Successful
2022-11-17 11:36:48,184 [main] INFO Automation Testing - Test is finished
2022-11-17 11:40:37,276 [main] INFO Automation Testing - Test has started
2022-11-17 11:40:56,147 [main] INFO Automation Testing - Test is Successful
2022-11-17 11:40:56,147 [main] INFO Automation Testing - Test has started
2022-11-17 11:41:07,022 [main] INFO Automation Testing - Test is Successful
2022-11-17 11:41:07,446 [main] INFO Automation Testing - Test is finished
2022-11-19 10:42:25,837 [main] INFO Automation Testing - Test has started
2022-11-19 10:42:46,804 [main] INFO Automation Testing - Test is Successful
2022-11-19 10:42:46,804 [main] INFO Automation Testing - Test has started
2022-11-19 10:42:58,041 [main] INFO Automation Testing - Test is Successful
2022-11-19 10:42:58,541 [main] INFO Automation Testing - Test is finished
2022-11-20 12:20:02,971 [main] INFO Automation Testing - Test has started
2022-11-20 12:20:23,480 [main] INFO Automation Testing - Test is Successful
2022-11-20 12:20:23,480 [main] INFO Automation Testing - Test has started
2022-11-20 12:20:34,867 [main] INFO Automation Testing - Test is Successful
2022-11-20 12:20:35,458 [main] INFO Automation Testing - Test is finished
2022-11-20 12:50:41,776 [main] INFO Automation Testing - Test has started
2022-11-20 12:51:00,255 [main] INFO Automation Testing - Test is Successful
2022-11-20 12:51:00,255 [main] INFO Automation Testing - Test has started
2022-11-20 12:51:11,607 [main] INFO Automation Testing - Test is Successful
2022-11-20 12:51:12,136 [main] INFO Automation Testing - Test is finished
2023-01-26 19:59:09,904 [main] INFO Automation Testing - Test has started
2023-01-26 19:59:30,988 [main] INFO Automation Testing - Test has failed
2023-01-26 19:59:30,988 [main] INFO Automation Testing - Test has started
2023-01-26 19:59:45,535 [main] INFO Automation Testing - Test is Successful
2023-01-26 19:59:46,127 [main] INFO Automation Testing - Test is finished
2023-01-26 20:01:09,424 [main] INFO Automation Testing - Test has started
2023-01-26 20:01:22,299 [main] INFO Automation Testing - Test has failed
2023-01-26 20:01:22,299 [main] INFO Automation Testing - Test has started
2023-01-26 20:01:33,580 [main] INFO Automation Testing - Test is Successful
2023-01-26 20:01:34,033 [main] INFO Automation Testing - Test is finished
